<?xml version="1.0" encoding="UTF-8"?>
<coverage generated="1458439756">
  <project timestamp="1458439756">
    <package name="LTDBeget\sphinx">
      <file name="/home/voksiv/projects/sphinx-configuration-tokenizer/src/LTDBeget/sphinx/SyntaxErrorException.php">
        <class name="SyntaxErrorException" namespace="LTDBeget\sphinx" fullPackage="LTDBeget" package="LTDBeget">
          <metrics complexity="7" methods="4" coveredmethods="1" conditionals="0" coveredconditionals="0" statements="18" coveredstatements="15" elements="22" coveredelements="16"/>
        </class>
        <line num="26" type="method" name="__construct" visibility="public" complexity="2" crap="2" count="7"/>
        <line num="28" type="stmt" count="7"/>
        <line num="29" type="stmt" count="1"/>
        <line num="32" type="stmt" count="7"/>
        <line num="33" type="stmt" count="7"/>
        <line num="34" type="stmt" count="7"/>
        <line num="35" type="stmt" count="7"/>
        <line num="36" type="stmt" count="7"/>
        <line num="41" type="method" name="getErrorLine" visibility="public" complexity="1" crap="2" count="0"/>
        <line num="43" type="stmt" count="0"/>
        <line num="49" type="method" name="getUnexpectedChar" visibility="public" complexity="1" crap="2" count="0"/>
        <line num="51" type="stmt" count="0"/>
        <line num="59" type="method" name="getParseErrorLineNumber" visibility="private" complexity="3" crap="3.01" count="7"/>
        <line num="61" type="stmt" count="7"/>
        <line num="62" type="stmt" count="7"/>
        <line num="63" type="stmt" count="7"/>
        <line num="64" type="stmt" count="7"/>
        <line num="65" type="stmt" count="7"/>
        <line num="66" type="stmt" count="7"/>
        <line num="67" type="stmt" count="7"/>
        <line num="68" type="stmt" count="7"/>
        <line num="72" type="stmt" count="0"/>
        <metrics loc="87" ncloc="52" classes="1" methods="4" coveredmethods="1" conditionals="0" coveredconditionals="0" statements="18" coveredstatements="15" elements="22" coveredelements="16"/>
      </file>
      <file name="/home/voksiv/projects/sphinx-configuration-tokenizer/src/LTDBeget/sphinx/Tokenizer.php">
        <class name="Tokenizer" namespace="LTDBeget\sphinx" fullPackage="LTDBeget" package="LTDBeget">
          <metrics complexity="50" methods="17" coveredmethods="13" conditionals="0" coveredconditionals="0" statements="122" coveredstatements="112" elements="139" coveredelements="125"/>
        </class>
        <line num="28" type="method" name="tokenize" visibility="public" complexity="1" crap="1" count="9"/>
        <line num="30" type="stmt" count="9"/>
        <line num="39" type="method" name="__construct" visibility="private" complexity="1" crap="1" count="9"/>
        <line num="41" type="stmt" count="9"/>
        <line num="42" type="stmt" count="9"/>
        <line num="43" type="stmt" count="9"/>
        <line num="50" type="method" name="removeComments" visibility="private" complexity="1" crap="1" count="9"/>
        <line num="52" type="stmt" count="9"/>
        <line num="60" type="method" name="tokenizeInternal" visibility="private" complexity="2" crap="2" count="9"/>
        <line num="63" type="stmt" count="9"/>
        <line num="64" type="stmt" count="2"/>
        <line num="66" type="stmt" count="2"/>
        <line num="68" type="stmt" count="2"/>
        <line num="75" type="method" name="extractSection" visibility="private" complexity="6" crap="8.30" count="9"/>
        <line num="77" type="stmt" count="9"/>
        <line num="79" type="stmt" count="8"/>
        <line num="80" type="stmt" count="0"/>
        <line num="81" type="stmt" count="0"/>
        <line num="82" type="stmt" count="8"/>
        <line num="84" type="stmt" count="8"/>
        <line num="85" type="stmt" count="7"/>
        <line num="86" type="stmt" count="0"/>
        <line num="87" type="stmt" count="0"/>
        <line num="88" type="stmt" count="0"/>
        <line num="89" type="stmt" count="2"/>
        <line num="91" type="stmt" count="0"/>
        <line num="94" type="stmt" count="7"/>
        <line num="97" type="stmt" count="2"/>
        <line num="98" type="stmt" count="2"/>
        <line num="104" type="method" name="extractSectionType" visibility="private" complexity="3" crap="3" count="9"/>
        <line num="106" type="stmt" count="9"/>
        <line num="108" type="stmt" count="9"/>
        <line num="109" type="stmt" count="9"/>
        <line num="110" type="stmt" count="9"/>
        <line num="111" type="stmt" count="9"/>
        <line num="112" type="stmt" count="9"/>
        <line num="113" type="stmt" count="9"/>
        <line num="114" type="stmt" count="8"/>
        <line num="116" type="stmt" count="1"/>
        <line num="124" type="method" name="extractSectionName" visibility="private" complexity="6" crap="6.02" count="8"/>
        <line num="126" type="stmt" count="8"/>
        <line num="129" type="stmt" count="8"/>
        <line num="130" type="stmt" count="8"/>
        <line num="132" type="stmt" count="8"/>
        <line num="133" type="stmt" count="8"/>
        <line num="134" type="stmt" count="8"/>
        <line num="135" type="stmt" count="8"/>
        <line num="136" type="stmt" count="8"/>
        <line num="137" type="stmt" count="1"/>
        <line num="138" type="stmt" count="1"/>
        <line num="140" type="stmt" count="1"/>
        <line num="142" type="stmt" count="0"/>
        <line num="150" type="method" name="extractInheritance" visibility="private" complexity="4" crap="4" count="8"/>
        <line num="152" type="stmt" count="8"/>
        <line num="154" type="stmt" count="8"/>
        <line num="156" type="stmt" count="8"/>
        <line num="157" type="stmt" count="6"/>
        <line num="160" type="stmt" count="4"/>
        <line num="161" type="stmt" count="3"/>
        <line num="162" type="stmt" count="3"/>
        <line num="164" type="stmt" count="1"/>
        <line num="166" type="stmt" count="3"/>
        <line num="172" type="method" name="extractInheritanceName" visibility="private" complexity="5" crap="5.03" count="3"/>
        <line num="174" type="stmt" count="3"/>
        <line num="176" type="stmt" count="3"/>
        <line num="177" type="stmt" count="3"/>
        <line num="179" type="stmt" count="3"/>
        <line num="180" type="stmt" count="3"/>
        <line num="181" type="stmt" count="3"/>
        <line num="182" type="stmt" count="3"/>
        <line num="183" type="stmt" count="3"/>
        <line num="185" type="stmt" count="0"/>
        <line num="193" type="method" name="extractOptions" visibility="private" complexity="4" crap="4" count="7"/>
        <line num="195" type="stmt" count="7"/>
        <line num="197" type="stmt" count="7"/>
        <line num="198" type="stmt" count="6"/>
        <line num="201" type="stmt" count="6"/>
        <line num="203" type="stmt" count="6"/>
        <line num="204" type="stmt" count="1"/>
        <line num="207" type="stmt" count="6"/>
        <line num="208" type="stmt" count="2"/>
        <line num="210" type="stmt" count="2"/>
        <line num="212" type="stmt" count="6"/>
        <line num="213" type="stmt" count="5"/>
        <line num="215" type="stmt" count="1"/>
        <line num="223" type="method" name="extractOption" visibility="private" complexity="1" crap="1" count="6"/>
        <line num="225" type="stmt" count="6"/>
        <line num="226" type="stmt" count="6"/>
        <line num="227" type="stmt" count="5"/>
        <line num="228" type="stmt" count="5"/>
        <line num="234" type="method" name="extractOptionName" visibility="private" complexity="5" crap="5" count="6"/>
        <line num="236" type="stmt" count="6"/>
        <line num="239" type="stmt" count="6"/>
        <line num="240" type="stmt" count="6"/>
        <line num="242" type="stmt" count="6"/>
        <line num="243" type="stmt" count="6"/>
        <line num="244" type="stmt" count="6"/>
        <line num="245" type="stmt" count="6"/>
        <line num="246" type="stmt" count="6"/>
        <line num="248" type="stmt" count="2"/>
        <line num="256" type="method" name="extractOptionValue" visibility="private" complexity="7" crap="7.03" count="6"/>
        <line num="258" type="stmt" count="6"/>
        <line num="260" type="stmt" count="6"/>
        <line num="261" type="stmt" count="6"/>
        <line num="263" type="stmt" count="6"/>
        <line num="264" type="stmt" count="1"/>
        <line num="267" type="stmt" count="5"/>
        <line num="270" type="stmt" count="5"/>
        <line num="271" type="stmt" count="5"/>
        <line num="273" type="stmt" count="5"/>
        <line num="274" type="stmt" count="0"/>
        <line num="277" type="stmt" count="5"/>
        <line num="279" type="stmt" count="5"/>
        <line num="280" type="stmt" count="5"/>
        <line num="282" type="stmt" count="5"/>
        <line num="283" type="stmt" count="5"/>
        <line num="284" type="stmt" count="5"/>
        <line num="285" type="stmt" count="5"/>
        <line num="286" type="stmt" count="5"/>
        <line num="288" type="stmt" count="1"/>
        <line num="289" type="stmt" count="1"/>
        <line num="292" type="stmt" count="5"/>
        <line num="293" type="stmt" count="5"/>
        <line num="295" type="stmt" count="5"/>
        <line num="296" type="stmt" count="5"/>
        <line num="298" type="stmt" count="0"/>
        <line num="305" type="method" name="saveCurrentSection" visibility="private" complexity="1" crap="1" count="2"/>
        <line num="307" type="stmt" count="2"/>
        <line num="308" type="stmt" count="2"/>
        <line num="309" type="stmt" count="2"/>
        <line num="310" type="stmt" count="2"/>
        <line num="315" type="method" name="saveCurrentOption" visibility="private" complexity="1" crap="1" count="5"/>
        <line num="317" type="stmt" count="5"/>
        <line num="318" type="stmt" count="5"/>
        <line num="319" type="stmt" count="5"/>
        <line num="325" type="method" name="getEmptySectionData" visibility="private" complexity="1" crap="1" count="2"/>
        <line num="328" type="stmt" count="2"/>
        <line num="339" type="method" name="getEmptyOptionData" visibility="private" complexity="1" crap="1" count="5"/>
        <line num="342" type="stmt" count="5"/>
        <metrics loc="375" ncloc="270" classes="1" methods="17" coveredmethods="13" conditionals="0" coveredconditionals="0" statements="122" coveredstatements="112" elements="139" coveredelements="125"/>
      </file>
    </package>
    <metrics files="2" loc="462" ncloc="322" classes="2" methods="21" coveredmethods="14" conditionals="0" coveredconditionals="0" statements="140" coveredstatements="127" elements="161" coveredelements="141"/>
  </project>
</coverage>
